=== Starting RL Flow for 6502 ===
Time: 2025-12-06 20:39:58.203460

[Step 1] Running Greedy+SA Baseline and RL Optimization...
[DEBUG] === PHASE 1: PORT ASSIGNMENT (SEEDING) ===
[DEBUG] [Seeding] Initializing pin assignment...
[DEBUG] [Seeding] Initialization completed in 0.001s
[DEBUG] [Seeding] Processing 122 pins and 122 ports
[DEBUG] [Seeding] Building candidate pin pools...
[DEBUG] [Seeding] Built candidate pools for 2 directions in 0.004s
[DEBUG] [Seeding] Processing special ports (clock/reset)...
[DEBUG] [Seeding] Assigned 2 special ports in 0.004s
[DEBUG] [Seeding] Processing 120 residual ports...
[DEBUG] [Seeding] Processing 120 port groups...
[PROGRESS] [Seeding] Groups: 12/120 (10.0%) | Assigned: 11
[PROGRESS] [Seeding] Groups: 24/120 (20.0%) | Assigned: 23
[PROGRESS] [Seeding] Groups: 36/120 (30.0%) | Assigned: 35
[PROGRESS] [Seeding] Groups: 48/120 (40.0%) | Assigned: 47
[PROGRESS] [Seeding] Groups: 60/120 (50.0%) | Assigned: 59
[PROGRESS] [Seeding] Groups: 72/120 (60.0%) | Assigned: 71
[PROGRESS] [Seeding] Groups: 84/120 (70.0%) | Assigned: 80
[PROGRESS] [Seeding] Groups: 96/120 (80.0%) | Assigned: 80
[PROGRESS] [Seeding] Groups: 108/120 (90.0%) | Assigned: 80
[PROGRESS] [Seeding] Groups: 120/120 (100.0%) | Assigned: 80
[DEBUG] [Seeding] Assigned 80 regular ports in 0.040s
[DEBUG] [Seeding] Built assignments DataFrame with 82 assignments in 0.001s
[DEBUG] [Seeding] Total assignments: 82 (special: 2, regular: 80)
[DEBUG] Port assignment (seeding) completed in 0.053s
[DEBUG] Assigned 82 port-to-pin mappings

[DEBUG] === PHASE 2: BUILDING SITES AND SPATIAL INDEX ===
[DEBUG] Built 158760 sites from fabric
[DEBUG] Spatial index built: grid=39x39, 158760 sites
[DEBUG] Building sites and spatial index completed in 0.077s

[DEBUG] === PHASE 3: BUILDING FIXED POINTS ===
[DEBUG] Built 82 fixed point nets
[DEBUG] Building fixed points completed in 0.002s

[DEBUG] === PHASE 4: BUILDING DEPENDENCY LEVELS (LEVELIZATION) ===
[DEBUG] Levelization completed: 5 levels found
[DEBUG] Building dependency levels completed in 1.668s

[DEBUG] === PHASE 5: BUILDING CELL MAPPINGS ===
[DEBUG] Built mappings for 2899 cells
[DEBUG] Building cell mappings completed in 1.918s

[DEBUG] === PHASE 6: BUILDING CELL TYPE MAPPING ===
[DEBUG] Built cell type mapping for 2899 cells
[DEBUG] Building cell type mapping completed in 0.354s

[DEBUG] === PHASE 7: ORDERING CELLS BY LEVEL ===
[DEBUG] Ordered 2899 cells across 5 levels
[DEBUG] Ordering cells completed in 0.003s

[DEBUG] === PHASE 8: LEVEL-BY-LEVEL PLACEMENT (GROWING) ===
[DEBUG] --- Processing Level 0 (1/5) ---
[DEBUG] Level 0: 7 cells to place
[DEBUG] Level 0: Starting greedy placement...
[PROGRESS] L0: 1/7 (14.3%) | Placed: 1 | Latest: $abc$9276$auto$blifp @ (447.1, 10.4)
[PROGRESS] L0: 2/7 (28.6%) | Placed: 2 | Latest: $abc$9276$auto$blifp @ (502.3, 10.4)
[PROGRESS] L0: 3/7 (42.9%) | Placed: 3 | Latest: $abc$9276$auto$blifp @ (226.3, 328.7)
[PROGRESS] L0: 4/7 (57.1%) | Placed: 4 | Latest: $abc$9276$auto$blifp @ (226.3, 437.5)
[PROGRESS] L0: 5/7 (71.4%) | Placed: 5 | Latest: $auto$hilomap.cc:40: @ (488.5, 491.9)
[PROGRESS] L0: 6/7 (85.7%) | Placed: 6 | Latest: $auto$hilomap.cc:40: @ (512.8, 489.2)
[PROGRESS] L0: 7/7 (100.0%) | Placed: 7 | Latest: $auto$hilomap.cc:48: @ (488.5, 497.3)
[DEBUG] Level 0: Greedy placement completed - placed 7/7 cells in 0.006s
[DEBUG] Level 0: Total level processing time: 0.007s (greedy only)
[PROGRESS] L0: COMPLETE | Total placed so far: 7 cells

[DEBUG] --- Processing Level 1 (2/5) ---
[DEBUG] Level 1: 273 cells to place
[DEBUG] Level 1: Starting greedy placement...
[PROGRESS] L1: 27/273 (9.9%) | Placed: 27 | Latest: $auto$insbuf.cc:97:e @ (262.6, 690.4)
[PROGRESS] L1: 54/273 (19.8%) | Placed: 54 | Latest: $auto$insbuf.cc:97:e @ (232.7, 225.3)
[PROGRESS] L1: 81/273 (29.7%) | Placed: 81 | Latest: $auto$insbuf.cc:97:e @ (235.5, 709.5)
[PROGRESS] L1: 108/273 (39.6%) | Placed: 108 | Latest: $auto$insbuf.cc:97:e @ (287.9, 693.2)
[PROGRESS] L1: 135/273 (49.5%) | Placed: 135 | Latest: $auto$insbuf.cc:97:e @ (262.6, 287.9)
[PROGRESS] L1: 162/273 (59.3%) | Placed: 162 | Latest: $auto$insbuf.cc:97:e @ (205.1, 671.4)
[PROGRESS] L1: 189/273 (69.2%) | Placed: 189 | Latest: $auto$insbuf.cc:97:e @ (262.6, 744.8)
[PROGRESS] L1: 216/273 (79.1%) | Placed: 216 | Latest: $auto$insbuf.cc:97:e @ (207.9, 709.5)
[PROGRESS] L1: 243/273 (89.0%) | Placed: 243 | Latest: $auto$insbuf.cc:97:e @ (290.7, 296.0)
[PROGRESS] L1: 270/273 (98.9%) | Placed: 270 | Latest: $auto$insbuf.cc:97:e @ (232.7, 312.4)
[PROGRESS] L1: 273/273 (100.0%) | Placed: 273 | Latest: $flatten\CPU.$auto$f @ (489.8, 7.7)
[DEBUG] Level 1: Greedy placement completed - placed 273/273 cells in 0.066s
[DEBUG] Level 1: Total level processing time: 0.066s (greedy only)
[PROGRESS] L1: COMPLETE | Total placed so far: 280 cells

[DEBUG] --- Processing Level 2 (3/5) ---
[DEBUG] Level 2: 1 cells to place
[DEBUG] Level 2: Starting greedy placement...
[PROGRESS] L2: 1/1 (100.0%) | Placed: 1 | Latest: $abc$9276$auto$blifp @ (463.2, 5.0)
[DEBUG] Level 2: Greedy placement completed - placed 1/1 cells in 0.000s
[DEBUG] Level 2: Total level processing time: 0.001s (greedy only)
[PROGRESS] L2: COMPLETE | Total placed so far: 281 cells

[DEBUG] --- Processing Level 3 (4/5) ---
[DEBUG] Level 3: 1 cells to place
[DEBUG] Level 3: Starting greedy placement...
[PROGRESS] L3: 1/1 (100.0%) | Placed: 1 | Latest: $abc$9276$auto$blifp @ (359.7, 342.3)
[DEBUG] Level 3: Greedy placement completed - placed 1/1 cells in 0.000s
[DEBUG] Level 3: Total level processing time: 0.001s (greedy only)
[PROGRESS] L3: COMPLETE | Total placed so far: 282 cells

[DEBUG] --- Processing Level 4 (5/5) ---
[DEBUG] Level 4: 2617 cells to place
[DEBUG] Level 4: Starting greedy placement...
[PROGRESS] L4: 50/2617 (1.9%) | Placed: 50 | Latest: $abc$9276$auto$blifp @ (508.2, 500.0)
[PROGRESS] L4: 100/2617 (3.8%) | Placed: 100 | Latest: $abc$9276$auto$blifp @ (518.4, 494.6)
[PROGRESS] L4: 150/2617 (5.7%) | Placed: 150 | Latest: $abc$9276$auto$blifp @ (490.8, 472.8)
[PROGRESS] L4: 200/2617 (7.6%) | Placed: 200 | Latest: $abc$9276$auto$blifp @ (476.5, 500.0)
[PROGRESS] L4: 250/2617 (9.6%) | Placed: 250 | Latest: $abc$9276$auto$blifp @ (529.9, 497.3)
[PROGRESS] L4: 300/2617 (11.5%) | Placed: 300 | Latest: $abc$9276$auto$blifp @ (467.8, 505.5)
[PROGRESS] L4: 350/2617 (13.4%) | Placed: 350 | Latest: $abc$9276$auto$blifp @ (523.0, 505.5)
[PROGRESS] L4: 400/2617 (15.3%) | Placed: 400 | Latest: $abc$9276$auto$blifp @ (495.4, 456.5)
[PROGRESS] L4: 450/2617 (17.2%) | Placed: 450 | Latest: $abc$9276$auto$blifp @ (536.8, 516.4)
[PROGRESS] L4: 500/2617 (19.1%) | Placed: 500 | Latest: $abc$9276$auto$blifp @ (478.3, 521.8)
[PROGRESS] L4: 550/2617 (21.0%) | Placed: 550 | Latest: $abc$9276$auto$blifp @ (451.7, 475.6)
[PROGRESS] L4: 600/2617 (22.9%) | Placed: 600 | Latest: $abc$9276$auto$blifp @ (467.8, 521.8)
[PROGRESS] L4: 650/2617 (24.8%) | Placed: 650 | Latest: $abc$9276$auto$blifp @ (504.6, 448.4)
[PROGRESS] L4: 700/2617 (26.7%) | Placed: 700 | Latest: $abc$9276$auto$blifp @ (502.3, 437.5)
[PROGRESS] L4: 750/2617 (28.7%) | Placed: 750 | Latest: $abc$9276$auto$blifp @ (534.5, 508.2)
[PROGRESS] L4: 800/2617 (30.6%) | Placed: 800 | Latest: $abc$9276$auto$blifp @ (557.5, 478.3)
[PROGRESS] L4: 850/2617 (32.5%) | Placed: 850 | Latest: $abc$9276$auto$blifp @ (557.5, 491.9)
[PROGRESS] L4: 900/2617 (34.4%) | Placed: 900 | Latest: $abc$9276$auto$blifp @ (510.5, 434.8)
[PROGRESS] L4: 950/2617 (36.3%) | Placed: 950 | Latest: $abc$9276$auto$blifp @ (557.5, 500.0)
[PROGRESS] L4: 1000/2617 (38.2%) | Placed: 1000 | Latest: $abc$9276$auto$blifp @ (477.0, 374.9)
[PROGRESS] L4: 1050/2617 (40.1%) | Placed: 1050 | Latest: $abc$9276$auto$blifp @ (479.3, 432.0)
[PROGRESS] L4: 1100/2617 (42.0%) | Placed: 1100 | Latest: $abc$9276$auto$blifp @ (451.7, 459.2)
[PROGRESS] L4: 1150/2617 (43.9%) | Placed: 1150 | Latest: $abc$9276$auto$blifp @ (552.9, 462.0)
[PROGRESS] L4: 1200/2617 (45.9%) | Placed: 1200 | Latest: $abc$9276$auto$blifp @ (548.3, 543.6)
[PROGRESS] L4: 1250/2617 (47.8%) | Placed: 1250 | Latest: $abc$9276$auto$blifp @ (451.7, 505.5)
[PROGRESS] L4: 1300/2617 (49.7%) | Placed: 1300 | Latest: $abc$9276$auto$blifp @ (502.3, 549.0)
[PROGRESS] L4: 1350/2617 (51.6%) | Placed: 1350 | Latest: $abc$9276$auto$blifp @ (557.5, 448.4)
[PROGRESS] L4: 1400/2617 (53.5%) | Placed: 1400 | Latest: $abc$9276$auto$blifp @ (548.3, 549.0)
[PROGRESS] L4: 1450/2617 (55.4%) | Placed: 1450 | Latest: $abc$9276$auto$blifp @ (483.9, 421.2)
[PROGRESS] L4: 1500/2617 (57.3%) | Placed: 1500 | Latest: $abc$9276$auto$blifp @ (427.7, 489.2)
[PROGRESS] L4: 1550/2617 (59.2%) | Placed: 1550 | Latest: $abc$9276$auto$blifp @ (465.5, 423.9)
[PROGRESS] L4: 1600/2617 (61.1%) | Placed: 1600 | Latest: $abc$9276$auto$blifp @ (532.2, 442.9)
[PROGRESS] L4: 1650/2617 (63.0%) | Placed: 1650 | Latest: $abc$9276$auto$blifp @ (563.4, 500.0)
[PROGRESS] L4: 1700/2617 (65.0%) | Placed: 1700 | Latest: $abc$9276$auto$blifp @ (559.8, 472.8)
[PROGRESS] L4: 1750/2617 (66.9%) | Placed: 1750 | Latest: $abc$9276$auto$blifp @ (550.6, 554.4)
[PROGRESS] L4: 1800/2617 (68.8%) | Placed: 1800 | Latest: $abc$9276$auto$blifp @ (497.7, 581.6)
[PROGRESS] L4: 1850/2617 (70.7%) | Placed: 1850 | Latest: $abc$9276$auto$blifp @ (511.5, 410.3)
[PROGRESS] L4: 1900/2617 (72.6%) | Placed: 1900 | Latest: $abc$9276$auto$blifp @ (405.7, 282.4)
[PROGRESS] L4: 1950/2617 (74.5%) | Placed: 1950 | Latest: $abc$9276$auto$blifp @ (573.6, 462.0)
[PROGRESS] L4: 2000/2617 (76.4%) | Placed: 2000 | Latest: $abc$9276$auto$blifp @ (477.0, 399.4)
[PROGRESS] L4: 2050/2617 (78.3%) | Placed: 2050 | Latest: $abc$9276$auto$blifp @ (465.5, 353.2)
[PROGRESS] L4: 2100/2617 (80.2%) | Placed: 2100 | Latest: $abc$9276$auto$blifp @ (426.4, 494.6)
[PROGRESS] L4: 2150/2617 (82.2%) | Placed: 2150 | Latest: $abc$9276$auto$blifp @ (421.3, 282.4)
[PROGRESS] L4: 2200/2617 (84.1%) | Placed: 2200 | Latest: $abc$9276$auto$blifp @ (447.1, 290.6)
[PROGRESS] L4: 2250/2617 (86.0%) | Placed: 2250 | Latest: $abc$9276$auto$blifp @ (474.7, 285.2)
[PROGRESS] L4: 2300/2617 (87.9%) | Placed: 2300 | Latest: $abc$9276$auto$blifp @ (437.9, 298.8)
[PROGRESS] L4: 2350/2617 (89.8%) | Placed: 2350 | Latest: $abc$9276$auto$blifp @ (523.0, 581.6)
[PROGRESS] L4: 2400/2617 (91.7%) | Placed: 2400 | Latest: $abc$9276$auto$blifp @ (564.4, 549.0)
[PROGRESS] L4: 2450/2617 (93.6%) | Placed: 2450 | Latest: $auto$insbuf.cc:97:e @ (511.0, 462.0)
[PROGRESS] L4: 2500/2617 (95.5%) | Placed: 2500 | Latest: $flatten\CPU.$auto$f @ (489.8, 334.1)
[PROGRESS] L4: 2550/2617 (97.4%) | Placed: 2550 | Latest: $flatten\CPU.$auto$f @ (517.4, 116.5)
[PROGRESS] L4: 2600/2617 (99.4%) | Placed: 2600 | Latest: $flatten\CPU.$auto$f @ (517.4, 459.2)
[PROGRESS] L4: 2617/2617 (100.0%) | Placed: 2617 | Latest: $flatten\CPU.\ALU.$a @ (517.4, 181.8)
[DEBUG] Level 4: Greedy placement completed - placed 2617/2617 cells in 1.414s
[DEBUG] Level 4: Total level processing time: 1.415s (greedy only)
[PROGRESS] L4: COMPLETE | Total placed so far: 2899 cells

[DEBUG] Greedy Placement HPWL: 278423.063
[DEBUG] === PHASE 8.5: GLOBAL SIMULATED ANNEALING ===
[DEBUG] Pre-computing net_to_cells map for SA...
[DEBUG] Global SA: Processing 2899 cells in 28 batches
      [SA] Start Batch: Cells=120 T0=23.844 HPWL=11921.9
        [SA] Iter 200: T=14.276 HPWL=12106.8 Acc=12.0%
        [SA] Iter 400: T=8.548 HPWL=12097.0 Acc=11.5%
        [SA] Iter 600: T=5.118 HPWL=12014.8 Acc=13.7%
        [SA] Iter 800: T=3.064 HPWL=11918.6 Acc=13.5%
        [SA] Iter 1000: T=1.835 HPWL=11918.2 Acc=12.7%
        [SA] Iter 1200: T=1.098 HPWL=11908.3 Acc=11.6%
        [SA] Iter 1400: T=0.658 HPWL=11902.8 Acc=10.4%
        [SA] Iter 1600: T=0.394 HPWL=11765.2 Acc=9.8%
        [SA] Iter 1800: T=0.236 HPWL=11734.1 Acc=9.0%
        [SA] Iter 2000: T=0.141 HPWL=11733.3 Acc=8.2%
        [SA] Iter 2200: T=0.085 HPWL=11708.6 Acc=7.8%
        [SA] Iter 2400: T=0.051 HPWL=11694.3 Acc=7.3%
        [SA] Iter 2600: T=0.030 HPWL=11682.2 Acc=6.8%
        [SA] Iter 2800: T=0.018 HPWL=11679.9 Acc=6.4%
        [SA] Iter 3000: T=0.011 HPWL=11658.1 Acc=6.1%
        [SA] Iter 3200: T=0.007 HPWL=11652.7 Acc=5.8%
        [SA] Iter 3400: T=0.004 HPWL=11651.4 Acc=5.6%
        [SA] Iter 3600: T=0.002 HPWL=11641.3 Acc=5.4%
        [SA] Iter 3800: T=0.001 HPWL=11630.4 Acc=5.2%
        [SA] Iter 4000: T=0.001 HPWL=11623.2 Acc=5.0%
        [SA] Iter 4200: T=0.001 HPWL=11621.3 Acc=4.8%
        [SA] Iter 4400: T=0.000 HPWL=11614.1 Acc=4.7%
        [SA] Iter 4600: T=0.000 HPWL=11587.4 Acc=4.6%
        [SA] Iter 4800: T=0.000 HPWL=11587.4 Acc=4.5%
        [SA] Iter 5000: T=0.000 HPWL=11570.9 Acc=4.3%
      [SA] End Batch: 11921.9 -> 11570.9 (-351.0)
      [SA] Start Batch: Cells=120 T0=27.012 HPWL=13506.0
        [SA] Iter 200: T=16.173 HPWL=13520.9 Acc=21.5%
        [SA] Iter 400: T=9.683 HPWL=13624.0 Acc=19.5%
        [SA] Iter 600: T=5.798 HPWL=13497.6 Acc=20.2%
        [SA] Iter 800: T=3.471 HPWL=13300.8 Acc=20.1%
        [SA] Iter 1000: T=2.078 HPWL=13224.2 Acc=18.6%
        [SA] Iter 1200: T=1.244 HPWL=13176.7 Acc=16.7%
        [SA] Iter 1400: T=0.745 HPWL=13111.4 Acc=15.6%
        [SA] Iter 1600: T=0.446 HPWL=13065.4 Acc=14.2%
        [SA] Iter 1800: T=0.267 HPWL=13024.7 Acc=13.0%
        [SA] Iter 2000: T=0.160 HPWL=13016.4 Acc=11.9%
        [SA] Iter 2200: T=0.096 HPWL=12992.2 Acc=11.0%
        [SA] Iter 2400: T=0.057 HPWL=12978.4 Acc=10.2%
        [SA] Iter 2600: T=0.034 HPWL=12931.2 Acc=9.8%
        [SA] Iter 2800: T=0.021 HPWL=12922.1 Acc=9.3%
        [SA] Iter 3000: T=0.012 HPWL=12889.5 Acc=8.7%
        [SA] Iter 3200: T=0.007 HPWL=12889.5 Acc=8.2%
        [SA] Iter 3400: T=0.004 HPWL=12843.4 Acc=8.1%
        [SA] Iter 3600: T=0.003 HPWL=12836.0 Acc=7.7%
        [SA] Iter 3800: T=0.002 HPWL=12823.5 Acc=7.4%
        [SA] Iter 4000: T=0.001 HPWL=12796.5 Acc=7.2%
        [SA] Iter 4200: T=0.001 HPWL=12793.8 Acc=6.9%
        [SA] Iter 4400: T=0.000 HPWL=12786.3 Acc=6.6%
        [SA] Iter 4600: T=0.000 HPWL=12775.4 Acc=6.4%
        [SA] Iter 4800: T=0.000 HPWL=12774.0 Acc=6.2%
        [SA] Iter 5000: T=0.000 HPWL=12751.6 Acc=6.1%
      [SA] End Batch: 13506.0 -> 12751.6 (-754.5)
      [SA] Start Batch: Cells=120 T0=89.737 HPWL=44868.6
        [SA] Iter 200: T=53.729 HPWL=47348.0 Acc=65.0%
        [SA] Iter 400: T=32.170 HPWL=46167.6 Acc=66.5%
        [SA] Iter 600: T=19.261 HPWL=45316.4 Acc=62.2%
        [SA] Iter 800: T=11.532 HPWL=44721.7 Acc=55.6%
        [SA] Iter 1000: T=6.905 HPWL=44251.3 Acc=50.0%
        [SA] Iter 1200: T=4.134 HPWL=44070.5 Acc=45.2%
        [SA] Iter 1400: T=2.475 HPWL=43712.0 Acc=41.0%
        [SA] Iter 1600: T=1.482 HPWL=43462.9 Acc=37.6%
        [SA] Iter 1800: T=0.887 HPWL=43171.9 Acc=34.2%
        [SA] Iter 2000: T=0.531 HPWL=42989.8 Acc=31.5%
        [SA] Iter 2200: T=0.318 HPWL=42895.2 Acc=29.3%
        [SA] Iter 2400: T=0.190 HPWL=42726.3 Acc=27.4%
        [SA] Iter 2600: T=0.114 HPWL=42660.6 Acc=25.7%
        [SA] Iter 2800: T=0.068 HPWL=42615.9 Acc=24.1%
        [SA] Iter 3000: T=0.041 HPWL=42577.8 Acc=22.8%
        [SA] Iter 3200: T=0.024 HPWL=42577.8 Acc=21.5%
        [SA] Iter 3400: T=0.015 HPWL=42398.9 Acc=20.5%
        [SA] Iter 3600: T=0.009 HPWL=42369.7 Acc=19.6%
        [SA] Iter 3800: T=0.005 HPWL=42341.3 Acc=18.7%
        [SA] Iter 4000: T=0.003 HPWL=42274.5 Acc=18.0%
        [SA] Iter 4200: T=0.002 HPWL=42241.3 Acc=17.3%
        [SA] Iter 4400: T=0.001 HPWL=42205.7 Acc=16.7%
        [SA] Iter 4600: T=0.001 HPWL=42177.9 Acc=16.1%
        [SA] Iter 4800: T=0.000 HPWL=42138.2 Acc=15.7%
        [SA] Iter 5000: T=0.000 HPWL=42097.2 Acc=15.1%
      [SA] End Batch: 44868.6 -> 42097.2 (-2771.4)
      [SA] Start Batch: Cells=120 T0=58.266 HPWL=29132.9
        [SA] Iter 200: T=34.886 HPWL=30344.3 Acc=62.0%
        [SA] Iter 400: T=20.887 HPWL=30018.4 Acc=62.5%
        [SA] Iter 600: T=12.506 HPWL=29605.1 Acc=56.5%
        [SA] Iter 800: T=7.488 HPWL=29411.2 Acc=51.7%
        [SA] Iter 1000: T=4.483 HPWL=29254.8 Acc=48.0%
        [SA] Iter 1200: T=2.684 HPWL=29168.9 Acc=44.4%
        [SA] Iter 1400: T=1.607 HPWL=29138.5 Acc=40.0%
        [SA] Iter 1600: T=0.962 HPWL=29050.3 Acc=36.6%
        [SA] Iter 1800: T=0.576 HPWL=28900.8 Acc=33.3%
        [SA] Iter 2000: T=0.345 HPWL=28800.1 Acc=30.9%
        [SA] Iter 2200: T=0.207 HPWL=28748.4 Acc=28.6%
        [SA] Iter 2400: T=0.124 HPWL=28730.8 Acc=26.5%
        [SA] Iter 2600: T=0.074 HPWL=28699.1 Acc=24.9%
        [SA] Iter 2800: T=0.044 HPWL=28683.8 Acc=23.4%
        [SA] Iter 3000: T=0.027 HPWL=28681.0 Acc=22.0%
        [SA] Iter 3200: T=0.016 HPWL=28668.7 Acc=20.8%
        [SA] Iter 3400: T=0.010 HPWL=28655.0 Acc=19.6%
        [SA] Iter 3600: T=0.006 HPWL=28655.0 Acc=18.6%
        [SA] Iter 3800: T=0.003 HPWL=28648.6 Acc=17.8%
        [SA] Iter 4000: T=0.002 HPWL=28640.5 Acc=17.1%
        [SA] Iter 4200: T=0.001 HPWL=28615.1 Acc=16.5%
        [SA] Iter 4400: T=0.001 HPWL=28612.2 Acc=15.9%
        [SA] Iter 4600: T=0.000 HPWL=28607.2 Acc=15.4%
        [SA] Iter 4800: T=0.000 HPWL=28589.2 Acc=14.8%
        [SA] Iter 5000: T=0.000 HPWL=28587.3 Acc=14.3%
      [SA] End Batch: 29132.9 -> 28587.3 (-545.6)
      [SA] Start Batch: Cells=120 T0=71.648 HPWL=35823.9
        [SA] Iter 200: T=42.898 HPWL=37526.9 Acc=44.5%
        [SA] Iter 400: T=25.685 HPWL=37431.9 Acc=44.8%
        [SA] Iter 600: T=15.378 HPWL=36925.4 Acc=44.0%
        [SA] Iter 800: T=9.208 HPWL=36692.6 Acc=42.5%
        [SA] Iter 1000: T=5.513 HPWL=36346.7 Acc=39.1%
        [SA] Iter 1200: T=3.301 HPWL=35974.6 Acc=37.1%
        [SA] Iter 1400: T=1.976 HPWL=35736.0 Acc=34.8%
        [SA] Iter 1600: T=1.183 HPWL=35659.1 Acc=32.0%
        [SA] Iter 1800: T=0.708 HPWL=35431.4 Acc=29.1%
        [SA] Iter 2000: T=0.424 HPWL=35395.2 Acc=26.7%
        [SA] Iter 2200: T=0.254 HPWL=35294.7 Acc=24.7%
        [SA] Iter 2400: T=0.152 HPWL=35259.3 Acc=22.9%
        [SA] Iter 2600: T=0.091 HPWL=35237.0 Acc=21.4%
        [SA] Iter 2800: T=0.055 HPWL=35218.6 Acc=20.0%
        [SA] Iter 3000: T=0.033 HPWL=35206.4 Acc=18.8%
        [SA] Iter 3200: T=0.020 HPWL=35176.6 Acc=17.8%
        [SA] Iter 3400: T=0.012 HPWL=35083.4 Acc=17.0%
        [SA] Iter 3600: T=0.007 HPWL=35080.7 Acc=16.1%
        [SA] Iter 3800: T=0.004 HPWL=35076.6 Acc=15.4%
        [SA] Iter 4000: T=0.003 HPWL=35049.6 Acc=14.8%
        [SA] Iter 4200: T=0.002 HPWL=35039.6 Acc=14.2%
        [SA] Iter 4400: T=0.001 HPWL=35032.6 Acc=13.7%
        [SA] Iter 4600: T=0.001 HPWL=35013.4 Acc=13.2%
        [SA] Iter 4800: T=0.000 HPWL=34996.0 Acc=12.8%
        [SA] Iter 5000: T=0.000 HPWL=34961.4 Acc=12.3%
      [SA] End Batch: 35823.9 -> 34961.4 (-862.5)
      [SA] Start Batch: Cells=120 T0=51.129 HPWL=25564.6
        [SA] Iter 200: T=30.613 HPWL=26224.3 Acc=25.5%
        [SA] Iter 400: T=18.329 HPWL=26224.2 Acc=26.5%
        [SA] Iter 600: T=10.974 HPWL=26173.3 Acc=24.8%
        [SA] Iter 800: T=6.571 HPWL=26019.7 Acc=23.5%
        [SA] Iter 1000: T=3.934 HPWL=25909.4 Acc=23.3%
        [SA] Iter 1200: T=2.356 HPWL=25604.8 Acc=22.6%
        [SA] Iter 1400: T=1.410 HPWL=25413.3 Acc=21.4%
        [SA] Iter 1600: T=0.844 HPWL=25352.8 Acc=19.4%
        [SA] Iter 1800: T=0.506 HPWL=25300.6 Acc=17.6%
        [SA] Iter 2000: T=0.303 HPWL=25259.0 Acc=16.1%
        [SA] Iter 2200: T=0.181 HPWL=25226.9 Acc=14.9%
        [SA] Iter 2400: T=0.109 HPWL=25177.4 Acc=14.0%
        [SA] Iter 2600: T=0.065 HPWL=25135.1 Acc=13.2%
        [SA] Iter 2800: T=0.039 HPWL=25101.4 Acc=12.6%
        [SA] Iter 3000: T=0.023 HPWL=25089.7 Acc=11.8%
        [SA] Iter 3200: T=0.014 HPWL=25065.5 Acc=11.2%
        [SA] Iter 3400: T=0.008 HPWL=25036.6 Acc=10.8%
        [SA] Iter 3600: T=0.005 HPWL=25036.6 Acc=10.2%
        [SA] Iter 3800: T=0.003 HPWL=25034.3 Acc=9.7%
        [SA] Iter 4000: T=0.002 HPWL=24994.3 Acc=9.4%
        [SA] Iter 4200: T=0.001 HPWL=24939.9 Acc=9.1%
        [SA] Iter 4400: T=0.001 HPWL=24919.8 Acc=8.7%
        [SA] Iter 4600: T=0.000 HPWL=24918.0 Acc=8.4%
        [SA] Iter 4800: T=0.000 HPWL=24901.7 Acc=8.1%
        [SA] Iter 5000: T=0.000 HPWL=24880.9 Acc=7.9%
      [SA] End Batch: 25564.6 -> 24880.9 (-683.7)
      [SA] Start Batch: Cells=120 T0=64.281 HPWL=32140.5
        [SA] Iter 200: T=38.487 HPWL=33495.1 Acc=46.5%
        [SA] Iter 400: T=23.044 HPWL=33075.3 Acc=45.8%
        [SA] Iter 600: T=13.797 HPWL=32803.5 Acc=44.2%
        [SA] Iter 800: T=8.261 HPWL=32554.6 Acc=41.9%
        [SA] Iter 1000: T=4.946 HPWL=32077.9 Acc=39.7%
        [SA] Iter 1200: T=2.961 HPWL=31984.1 Acc=37.0%
        [SA] Iter 1400: T=1.773 HPWL=31889.7 Acc=33.4%
        [SA] Iter 1600: T=1.062 HPWL=31782.3 Acc=30.4%
        [SA] Iter 1800: T=0.636 HPWL=31704.8 Acc=27.3%
        [SA] Iter 2000: T=0.381 HPWL=31664.0 Acc=24.9%
        [SA] Iter 2200: T=0.228 HPWL=31617.3 Acc=22.9%
        [SA] Iter 2400: T=0.136 HPWL=31561.5 Acc=21.2%
        [SA] Iter 2600: T=0.082 HPWL=31552.4 Acc=19.8%
        [SA] Iter 2800: T=0.049 HPWL=31542.0 Acc=18.6%
        [SA] Iter 3000: T=0.029 HPWL=31523.8 Acc=17.6%
        [SA] Iter 3200: T=0.018 HPWL=31495.6 Acc=16.6%
        [SA] Iter 3400: T=0.010 HPWL=31443.2 Acc=15.8%
        [SA] Iter 3600: T=0.006 HPWL=31400.7 Acc=15.1%
        [SA] Iter 3800: T=0.004 HPWL=31377.1 Acc=14.5%
        [SA] Iter 4000: T=0.002 HPWL=31342.7 Acc=13.9%
        [SA] Iter 4200: T=0.001 HPWL=31339.0 Acc=13.3%
        [SA] Iter 4400: T=0.001 HPWL=31295.7 Acc=13.0%
        [SA] Iter 4600: T=0.000 HPWL=31290.2 Acc=12.5%
        [SA] Iter 4800: T=0.000 HPWL=31283.4 Acc=12.0%
        [SA] Iter 5000: T=0.000 HPWL=31275.6 Acc=11.6%
      [SA] End Batch: 32140.5 -> 31275.6 (-864.9)
      [SA] Start Batch: Cells=120 T0=65.037 HPWL=32518.5
        [SA] Iter 200: T=38.940 HPWL=33278.7 Acc=39.5%
        [SA] Iter 400: T=23.315 HPWL=33177.9 Acc=35.0%
        [SA] Iter 600: T=13.959 HPWL=33033.6 Acc=36.2%
        [SA] Iter 800: T=8.358 HPWL=32471.0 Acc=34.5%
        [SA] Iter 1000: T=5.004 HPWL=32014.2 Acc=32.3%
        [SA] Iter 1200: T=2.996 HPWL=31658.3 Acc=30.0%
        [SA] Iter 1400: T=1.794 HPWL=31460.1 Acc=27.4%
        [SA] Iter 1600: T=1.074 HPWL=31317.1 Acc=25.1%
        [SA] Iter 1800: T=0.643 HPWL=31214.3 Acc=22.9%
        [SA] Iter 2000: T=0.385 HPWL=31209.1 Acc=21.0%
        [SA] Iter 2200: T=0.231 HPWL=31152.1 Acc=19.5%
        [SA] Iter 2400: T=0.138 HPWL=31128.4 Acc=18.3%
        [SA] Iter 2600: T=0.083 HPWL=31105.7 Acc=17.0%
        [SA] Iter 2800: T=0.049 HPWL=30984.0 Acc=16.2%
        [SA] Iter 3000: T=0.030 HPWL=30927.2 Acc=15.4%
        [SA] Iter 3200: T=0.018 HPWL=30791.7 Acc=14.8%
        [SA] Iter 3400: T=0.011 HPWL=30781.4 Acc=14.0%
        [SA] Iter 3600: T=0.006 HPWL=30734.3 Acc=13.3%
        [SA] Iter 3800: T=0.004 HPWL=30715.2 Acc=12.7%
        [SA] Iter 4000: T=0.002 HPWL=30712.0 Acc=12.2%
        [SA] Iter 4200: T=0.001 HPWL=30682.7 Acc=11.7%
        [SA] Iter 4400: T=0.001 HPWL=30661.0 Acc=11.4%
        [SA] Iter 4600: T=0.000 HPWL=30648.3 Acc=11.0%
        [SA] Iter 4800: T=0.000 HPWL=30614.5 Acc=10.6%
        [SA] Iter 5000: T=0.000 HPWL=30606.1 Acc=10.3%
      [SA] End Batch: 32518.5 -> 30606.1 (-1912.3)
      [SA] Start Batch: Cells=120 T0=66.839 HPWL=33419.3
        [SA] Iter 200: T=40.019 HPWL=33819.6 Acc=46.5%
        [SA] Iter 400: T=23.961 HPWL=33581.8 Acc=46.0%
        [SA] Iter 600: T=14.346 HPWL=33153.5 Acc=42.5%
        [SA] Iter 800: T=8.590 HPWL=32834.8 Acc=38.9%
        [SA] Iter 1000: T=5.143 HPWL=32588.5 Acc=35.9%
        [SA] Iter 1200: T=3.079 HPWL=32473.6 Acc=32.7%
        [SA] Iter 1400: T=1.844 HPWL=32166.0 Acc=31.0%
        [SA] Iter 1600: T=1.104 HPWL=31933.0 Acc=28.0%
        [SA] Iter 1800: T=0.661 HPWL=31699.2 Acc=26.0%
        [SA] Iter 2000: T=0.396 HPWL=31514.0 Acc=24.1%
        [SA] Iter 2200: T=0.237 HPWL=31488.7 Acc=22.1%
        [SA] Iter 2400: T=0.142 HPWL=31421.5 Acc=20.5%
        [SA] Iter 2600: T=0.085 HPWL=31390.9 Acc=19.2%
        [SA] Iter 2800: T=0.051 HPWL=31326.4 Acc=18.1%
        [SA] Iter 3000: T=0.030 HPWL=31266.9 Acc=17.1%
        [SA] Iter 3200: T=0.018 HPWL=31207.8 Acc=16.2%
        [SA] Iter 3400: T=0.011 HPWL=31192.6 Acc=15.4%
        [SA] Iter 3600: T=0.007 HPWL=31154.7 Acc=14.7%
        [SA] Iter 3800: T=0.004 HPWL=31143.2 Acc=14.0%
        [SA] Iter 4000: T=0.002 HPWL=31090.2 Acc=13.5%
        [SA] Iter 4200: T=0.001 HPWL=30861.8 Acc=13.1%
        [SA] Iter 4400: T=0.001 HPWL=30804.4 Acc=12.6%
        [SA] Iter 4600: T=0.001 HPWL=30790.2 Acc=12.2%
        [SA] Iter 4800: T=0.000 HPWL=30761.8 Acc=11.8%
        [SA] Iter 5000: T=0.000 HPWL=30757.2 Acc=11.4%
      [SA] End Batch: 33419.3 -> 30757.2 (-2662.1)
[PROGRESS] Global SA: Batch 10/28 (120 cells, type: sky130_fd_sc_hd__nan)
      [SA] Start Batch: Cells=120 T0=63.060 HPWL=31530.0
        [SA] Iter 200: T=37.756 HPWL=32750.7 Acc=37.0%
        [SA] Iter 400: T=22.606 HPWL=32341.1 Acc=36.0%
        [SA] Iter 600: T=13.535 HPWL=32143.4 Acc=34.3%
        [SA] Iter 800: T=8.104 HPWL=31847.0 Acc=33.4%
        [SA] Iter 1000: T=4.852 HPWL=31454.2 Acc=31.1%
        [SA] Iter 1200: T=2.905 HPWL=31294.8 Acc=28.0%
        [SA] Iter 1400: T=1.739 HPWL=31264.0 Acc=24.9%
        [SA] Iter 1600: T=1.041 HPWL=31138.1 Acc=22.6%
        [SA] Iter 1800: T=0.624 HPWL=30990.8 Acc=20.7%
        [SA] Iter 2000: T=0.373 HPWL=30815.9 Acc=19.2%
        [SA] Iter 2200: T=0.224 HPWL=30771.1 Acc=17.8%
        [SA] Iter 2400: T=0.134 HPWL=30499.6 Acc=16.9%
        [SA] Iter 2600: T=0.080 HPWL=30371.0 Acc=15.8%
        [SA] Iter 2800: T=0.048 HPWL=30179.6 Acc=15.1%
        [SA] Iter 3000: T=0.029 HPWL=30129.7 Acc=14.3%
        [SA] Iter 3200: T=0.017 HPWL=30065.3 Acc=13.6%
        [SA] Iter 3400: T=0.010 HPWL=29800.3 Acc=13.0%
        [SA] Iter 3600: T=0.006 HPWL=29796.7 Acc=12.3%
        [SA] Iter 3800: T=0.004 HPWL=29777.5 Acc=11.8%
        [SA] Iter 4000: T=0.002 HPWL=29597.8 Acc=11.3%
        [SA] Iter 4200: T=0.001 HPWL=29524.5 Acc=10.9%
        [SA] Iter 4400: T=0.001 HPWL=29479.2 Acc=10.5%
        [SA] Iter 4600: T=0.000 HPWL=29472.3 Acc=10.2%
        [SA] Iter 4800: T=0.000 HPWL=29446.4 Acc=9.9%
        [SA] Iter 5000: T=0.000 HPWL=29405.6 Acc=9.5%
      [SA] End Batch: 31530.0 -> 29405.6 (-2124.3)
      [SA] Start Batch: Cells=120 T0=80.727 HPWL=40363.5
        [SA] Iter 200: T=48.334 HPWL=42051.2 Acc=57.5%
        [SA] Iter 400: T=28.940 HPWL=41422.5 Acc=53.2%
        [SA] Iter 600: T=17.327 HPWL=41001.4 Acc=52.3%
        [SA] Iter 800: T=10.374 HPWL=40560.0 Acc=49.9%
        [SA] Iter 1000: T=6.212 HPWL=40076.5 Acc=45.5%
        [SA] Iter 1200: T=3.719 HPWL=39918.9 Acc=42.0%
        [SA] Iter 1400: T=2.227 HPWL=39831.9 Acc=38.2%
        [SA] Iter 1600: T=1.333 HPWL=39479.2 Acc=34.9%
        [SA] Iter 1800: T=0.798 HPWL=39327.7 Acc=31.5%
        [SA] Iter 2000: T=0.478 HPWL=39116.5 Acc=28.8%
        [SA] Iter 2200: T=0.286 HPWL=39005.8 Acc=26.5%
        [SA] Iter 2400: T=0.171 HPWL=38810.5 Acc=24.7%
        [SA] Iter 2600: T=0.103 HPWL=38765.8 Acc=23.0%
        [SA] Iter 2800: T=0.061 HPWL=38548.8 Acc=21.9%
        [SA] Iter 3000: T=0.037 HPWL=38398.7 Acc=20.7%
        [SA] Iter 3200: T=0.022 HPWL=38248.7 Acc=19.8%
        [SA] Iter 3400: T=0.013 HPWL=38170.1 Acc=18.7%
        [SA] Iter 3600: T=0.008 HPWL=38159.6 Acc=17.8%
        [SA] Iter 3800: T=0.005 HPWL=38127.3 Acc=16.9%
        [SA] Iter 4000: T=0.003 HPWL=38107.8 Acc=16.2%
        [SA] Iter 4200: T=0.002 HPWL=38099.2 Acc=15.5%
        [SA] Iter 4400: T=0.001 HPWL=38088.2 Acc=14.9%
        [SA] Iter 4600: T=0.001 HPWL=38087.9 Acc=14.3%
        [SA] Iter 4800: T=0.000 HPWL=38035.1 Acc=13.8%
        [SA] Iter 5000: T=0.000 HPWL=38017.5 Acc=13.3%
      [SA] End Batch: 40363.5 -> 38017.5 (-2346.0)
      [SA] Start Batch: Cells=120 T0=61.415 HPWL=30707.4
        [SA] Iter 200: T=36.771 HPWL=31150.7 Acc=41.5%
        [SA] Iter 400: T=22.016 HPWL=31056.5 Acc=41.5%
        [SA] Iter 600: T=13.182 HPWL=30795.8 Acc=40.3%
        [SA] Iter 800: T=7.893 HPWL=30741.7 Acc=38.6%
        [SA] Iter 1000: T=4.726 HPWL=30461.8 Acc=37.0%
        [SA] Iter 1200: T=2.829 HPWL=30352.6 Acc=34.2%
        [SA] Iter 1400: T=1.694 HPWL=30139.2 Acc=30.4%
        [SA] Iter 1600: T=1.014 HPWL=30032.1 Acc=27.4%
        [SA] Iter 1800: T=0.607 HPWL=29623.9 Acc=25.1%
        [SA] Iter 2000: T=0.364 HPWL=29524.2 Acc=23.2%
        [SA] Iter 2200: T=0.218 HPWL=29444.2 Acc=21.5%
        [SA] Iter 2400: T=0.130 HPWL=29354.7 Acc=20.1%
        [SA] Iter 2600: T=0.078 HPWL=29303.7 Acc=18.9%
        [SA] Iter 2800: T=0.047 HPWL=29219.2 Acc=17.8%
        [SA] Iter 3000: T=0.028 HPWL=29181.0 Acc=16.9%
        [SA] Iter 3200: T=0.017 HPWL=29168.6 Acc=15.9%
        [SA] Iter 3400: T=0.010 HPWL=29159.4 Acc=15.1%
        [SA] Iter 3600: T=0.006 HPWL=29152.6 Acc=14.2%
        [SA] Iter 3800: T=0.004 HPWL=29071.1 Acc=13.7%
        [SA] Iter 4000: T=0.002 HPWL=29067.4 Acc=13.2%
        [SA] Iter 4200: T=0.001 HPWL=29067.4 Acc=12.6%
        [SA] Iter 4400: T=0.001 HPWL=29061.4 Acc=12.1%
        [SA] Iter 4600: T=0.000 HPWL=29057.6 Acc=11.7%
        [SA] Iter 4800: T=0.000 HPWL=29029.6 Acc=11.3%
        [SA] Iter 5000: T=0.000 HPWL=29011.4 Acc=10.9%
      [SA] End Batch: 30707.4 -> 29011.4 (-1696.0)
      [SA] Start Batch: Cells=120 T0=81.728 HPWL=40864.1
        [SA] Iter 200: T=48.934 HPWL=42377.2 Acc=62.5%
        [SA] Iter 400: T=29.298 HPWL=42198.5 Acc=60.0%
        [SA] Iter 600: T=17.542 HPWL=41227.6 Acc=57.7%
        [SA] Iter 800: T=10.503 HPWL=40907.7 Acc=54.1%
        [SA] Iter 1000: T=6.289 HPWL=40564.5 Acc=49.2%
        [SA] Iter 1200: T=3.765 HPWL=40207.2 Acc=44.8%
        [SA] Iter 1400: T=2.254 HPWL=39967.6 Acc=40.5%
        [SA] Iter 1600: T=1.350 HPWL=39648.3 Acc=36.7%
        [SA] Iter 1800: T=0.808 HPWL=39415.3 Acc=33.3%
        [SA] Iter 2000: T=0.484 HPWL=39254.3 Acc=30.7%
        [SA] Iter 2200: T=0.290 HPWL=39169.1 Acc=28.4%
        [SA] Iter 2400: T=0.173 HPWL=39135.9 Acc=26.2%
        [SA] Iter 2600: T=0.104 HPWL=39056.4 Acc=24.5%
        [SA] Iter 2800: T=0.062 HPWL=38897.1 Acc=22.9%
        [SA] Iter 3000: T=0.037 HPWL=38823.9 Acc=21.6%
        [SA] Iter 3200: T=0.022 HPWL=38801.6 Acc=20.4%
        [SA] Iter 3400: T=0.013 HPWL=38676.0 Acc=19.4%
        [SA] Iter 3600: T=0.008 HPWL=38537.8 Acc=18.3%
        [SA] Iter 3800: T=0.005 HPWL=38537.8 Acc=17.4%
        [SA] Iter 4000: T=0.003 HPWL=38525.0 Acc=16.6%
        [SA] Iter 4200: T=0.002 HPWL=38502.7 Acc=15.9%
        [SA] Iter 4400: T=0.001 HPWL=38489.5 Acc=15.3%
        [SA] Iter 4600: T=0.001 HPWL=38460.9 Acc=14.8%
        [SA] Iter 4800: T=0.000 HPWL=38444.8 Acc=14.3%
        [SA] Iter 5000: T=0.000 HPWL=38427.0 Acc=13.8%
      [SA] End Batch: 40864.1 -> 38427.0 (-2437.1)
      [SA] Start Batch: Cells=28 T0=23.582 HPWL=11790.9
        [SA] Iter 200: T=14.119 HPWL=11404.1 Acc=44.5%
        [SA] Iter 400: T=8.454 HPWL=11320.0 Acc=39.8%
        [SA] Iter 600: T=5.062 HPWL=11306.4 Acc=34.5%
        [SA] Iter 800: T=3.031 HPWL=11290.5 Acc=31.2%
        [SA] Iter 1000: T=1.815 HPWL=11292.8 Acc=28.0%
        [SA] Iter 1200: T=1.086 HPWL=11290.5 Acc=26.5%
        [SA] Iter 1400: T=0.650 HPWL=11291.3 Acc=24.1%
        [SA] Iter 1600: T=0.389 HPWL=11291.3 Acc=22.1%
        [SA] Iter 1800: T=0.233 HPWL=11278.8 Acc=20.0%
        [SA] Iter 2000: T=0.140 HPWL=11256.9 Acc=18.4%
        [SA] Iter 2200: T=0.084 HPWL=11256.9 Acc=16.9%
        [SA] Iter 2400: T=0.050 HPWL=11256.9 Acc=15.6%
        [SA] Iter 2600: T=0.030 HPWL=11256.9 Acc=14.5%
        [SA] Iter 2800: T=0.018 HPWL=11256.9 Acc=13.6%
        [SA] Iter 3000: T=0.011 HPWL=11256.9 Acc=12.8%
        [SA] Iter 3200: T=0.006 HPWL=11256.9 Acc=12.1%
        [SA] Iter 3400: T=0.004 HPWL=11256.9 Acc=11.5%
        [SA] Iter 3600: T=0.002 HPWL=11256.9 Acc=11.0%
        [SA] Iter 3800: T=0.001 HPWL=11256.9 Acc=10.5%
        [SA] Iter 4000: T=0.001 HPWL=11256.9 Acc=10.1%
        [SA] Iter 4200: T=0.000 HPWL=11256.9 Acc=9.6%
        [SA] Iter 4400: T=0.000 HPWL=11256.9 Acc=9.3%
        [SA] Iter 4600: T=0.000 HPWL=11256.9 Acc=9.0%
        [SA] Iter 4800: T=0.000 HPWL=11256.9 Acc=8.7%
        [SA] Iter 5000: T=0.000 HPWL=11256.9 Acc=8.4%
      [SA] End Batch: 11790.9 -> 11256.9 (-534.1)
      [SA] Start Batch: Cells=3 T0=5.216 HPWL=2607.9
        [SA] Iter 200: T=3.123 HPWL=2575.3 Acc=44.0%
        [SA] Iter 400: T=1.870 HPWL=2575.3 Acc=39.5%
        [SA] Iter 600: T=1.120 HPWL=2575.3 Acc=37.0%
        [SA] Iter 800: T=0.670 HPWL=2575.3 Acc=33.4%
        [SA] Iter 1000: T=0.401 HPWL=2575.3 Acc=31.9%
        [SA] Iter 1200: T=0.240 HPWL=2575.3 Acc=29.8%
        [SA] Iter 1400: T=0.144 HPWL=2575.3 Acc=30.4%
        [SA] Iter 1600: T=0.086 HPWL=2575.3 Acc=31.1%
        [SA] Iter 1800: T=0.052 HPWL=2575.3 Acc=31.9%
        [SA] Iter 2000: T=0.031 HPWL=2575.3 Acc=31.7%
        [SA] Iter 2200: T=0.018 HPWL=2575.3 Acc=31.7%
        [SA] Iter 2400: T=0.011 HPWL=2575.3 Acc=32.5%
        [SA] Iter 2600: T=0.007 HPWL=2575.3 Acc=32.1%
        [SA] Iter 2800: T=0.004 HPWL=2575.3 Acc=32.1%
        [SA] Iter 3000: T=0.002 HPWL=2575.3 Acc=32.1%
        [SA] Iter 3200: T=0.001 HPWL=2575.3 Acc=32.2%
        [SA] Iter 3400: T=0.001 HPWL=2575.3 Acc=32.2%
        [SA] Iter 3600: T=0.001 HPWL=2575.3 Acc=32.4%
        [SA] Iter 3800: T=0.000 HPWL=2575.3 Acc=32.5%
        [SA] Iter 4000: T=0.000 HPWL=2575.3 Acc=32.6%
        [SA] Iter 4200: T=0.000 HPWL=2575.3 Acc=32.5%
        [SA] Iter 4400: T=0.000 HPWL=2575.3 Acc=32.6%
        [SA] Iter 4600: T=0.000 HPWL=2575.3 Acc=32.8%
        [SA] Iter 4800: T=0.000 HPWL=2575.3 Acc=32.8%
        [SA] Iter 5000: T=0.000 HPWL=2575.3 Acc=32.8%
      [SA] End Batch: 2607.9 -> 2575.3 (-32.5)
      [SA] Start Batch: Cells=120 T0=82.471 HPWL=41235.6
        [SA] Iter 200: T=49.379 HPWL=43070.4 Acc=56.0%
        [SA] Iter 400: T=29.565 HPWL=42766.0 Acc=51.2%
        [SA] Iter 600: T=17.702 HPWL=42472.3 Acc=48.7%
        [SA] Iter 800: T=10.599 HPWL=42187.5 Acc=47.1%
        [SA] Iter 1000: T=6.346 HPWL=41913.6 Acc=43.4%
        [SA] Iter 1200: T=3.799 HPWL=41742.0 Acc=40.2%
        [SA] Iter 1400: T=2.275 HPWL=41596.1 Acc=36.9%
        [SA] Iter 1600: T=1.362 HPWL=41411.0 Acc=33.8%
        [SA] Iter 1800: T=0.816 HPWL=41391.7 Acc=30.6%
        [SA] Iter 2000: T=0.488 HPWL=41260.5 Acc=28.2%
        [SA] Iter 2200: T=0.292 HPWL=41127.4 Acc=26.2%
        [SA] Iter 2400: T=0.175 HPWL=41056.2 Acc=24.5%
        [SA] Iter 2600: T=0.105 HPWL=41006.9 Acc=23.2%
        [SA] Iter 2800: T=0.063 HPWL=40939.8 Acc=21.9%
        [SA] Iter 3000: T=0.038 HPWL=40930.1 Acc=20.6%
        [SA] Iter 3200: T=0.022 HPWL=40895.6 Acc=19.3%
        [SA] Iter 3400: T=0.013 HPWL=40857.5 Acc=18.4%
        [SA] Iter 3600: T=0.008 HPWL=40825.4 Acc=17.7%
        [SA] Iter 3800: T=0.005 HPWL=40822.3 Acc=16.9%
        [SA] Iter 4000: T=0.003 HPWL=40809.1 Acc=16.2%
        [SA] Iter 4200: T=0.002 HPWL=40799.7 Acc=15.5%
        [SA] Iter 4400: T=0.001 HPWL=40764.5 Acc=15.0%
        [SA] Iter 4600: T=0.001 HPWL=40763.2 Acc=14.5%
        [SA] Iter 4800: T=0.000 HPWL=40747.7 Acc=14.2%
        [SA] Iter 5000: T=0.000 HPWL=40739.2 Acc=13.7%
      [SA] End Batch: 41235.6 -> 40739.2 (-496.5)
      [SA] Start Batch: Cells=120 T0=55.818 HPWL=27909.0
        [SA] Iter 200: T=33.420 HPWL=28676.4 Acc=36.0%
        [SA] Iter 400: T=20.010 HPWL=28422.1 Acc=35.0%
        [SA] Iter 600: T=11.981 HPWL=27971.9 Acc=35.7%
        [SA] Iter 800: T=7.173 HPWL=27539.5 Acc=34.6%
        [SA] Iter 1000: T=4.295 HPWL=27205.7 Acc=32.3%
        [SA] Iter 1200: T=2.572 HPWL=27081.6 Acc=29.7%
        [SA] Iter 1400: T=1.540 HPWL=26925.0 Acc=27.9%
        [SA] Iter 1600: T=0.922 HPWL=26801.7 Acc=25.3%
        [SA] Iter 1800: T=0.552 HPWL=26735.9 Acc=22.8%
        [SA] Iter 2000: T=0.330 HPWL=26649.5 Acc=21.3%
        [SA] Iter 2200: T=0.198 HPWL=26554.7 Acc=20.0%
        [SA] Iter 2400: T=0.118 HPWL=26498.2 Acc=18.8%
        [SA] Iter 2600: T=0.071 HPWL=26480.9 Acc=17.7%
        [SA] Iter 2800: T=0.042 HPWL=26398.9 Acc=16.8%
        [SA] Iter 3000: T=0.025 HPWL=26267.1 Acc=16.2%
        [SA] Iter 3200: T=0.015 HPWL=26230.3 Acc=15.3%
        [SA] Iter 3400: T=0.009 HPWL=26210.2 Acc=14.5%
        [SA] Iter 3600: T=0.005 HPWL=26172.5 Acc=13.9%
        [SA] Iter 3800: T=0.003 HPWL=26140.7 Acc=13.3%
        [SA] Iter 4000: T=0.002 HPWL=26137.1 Acc=12.7%
        [SA] Iter 4200: T=0.001 HPWL=26137.1 Acc=12.2%
        [SA] Iter 4400: T=0.001 HPWL=26111.6 Acc=11.8%
        [SA] Iter 4600: T=0.000 HPWL=26079.4 Acc=11.4%
        [SA] Iter 4800: T=0.000 HPWL=26038.8 Acc=11.0%
        [SA] Iter 5000: T=0.000 HPWL=26038.8 Acc=10.7%
      [SA] End Batch: 27909.0 -> 26038.8 (-1870.2)
      [SA] Start Batch: Cells=120 T0=47.848 HPWL=23924.0
        [SA] Iter 200: T=28.648 HPWL=24345.7 Acc=33.5%
        [SA] Iter 400: T=17.153 HPWL=23876.0 Acc=32.2%
        [SA] Iter 600: T=10.270 HPWL=23558.5 Acc=31.2%
        [SA] Iter 800: T=6.149 HPWL=23036.8 Acc=30.5%
        [SA] Iter 1000: T=3.682 HPWL=22821.5 Acc=28.7%
        [SA] Iter 1200: T=2.204 HPWL=22665.4 Acc=27.1%
        [SA] Iter 1400: T=1.320 HPWL=22545.0 Acc=24.8%
        [SA] Iter 1600: T=0.790 HPWL=22365.6 Acc=22.5%
        [SA] Iter 1800: T=0.473 HPWL=22234.9 Acc=21.1%
        [SA] Iter 2000: T=0.283 HPWL=22190.1 Acc=19.4%
        [SA] Iter 2200: T=0.170 HPWL=22083.6 Acc=18.1%
        [SA] Iter 2400: T=0.102 HPWL=21953.3 Acc=17.1%
        [SA] Iter 2600: T=0.061 HPWL=21907.7 Acc=16.0%
        [SA] Iter 2800: T=0.036 HPWL=21539.7 Acc=15.1%
        [SA] Iter 3000: T=0.022 HPWL=21475.9 Acc=14.4%
        [SA] Iter 3200: T=0.013 HPWL=21474.0 Acc=13.7%
        [SA] Iter 3400: T=0.008 HPWL=21405.8 Acc=13.1%
        [SA] Iter 3600: T=0.005 HPWL=21375.0 Acc=12.5%
        [SA] Iter 3800: T=0.003 HPWL=21291.8 Acc=12.1%
        [SA] Iter 4000: T=0.002 HPWL=21275.5 Acc=11.6%
        [SA] Iter 4200: T=0.001 HPWL=21268.6 Acc=11.1%
        [SA] Iter 4400: T=0.001 HPWL=21263.8 Acc=10.7%
        [SA] Iter 4600: T=0.000 HPWL=21247.7 Acc=10.3%
        [SA] Iter 4800: T=0.000 HPWL=21234.5 Acc=10.0%
        [SA] Iter 5000: T=0.000 HPWL=21226.8 Acc=9.7%
      [SA] End Batch: 23924.0 -> 21226.8 (-2697.2)
      [SA] Start Batch: Cells=120 T0=63.996 HPWL=31998.2
        [SA] Iter 200: T=38.317 HPWL=32369.2 Acc=40.5%
        [SA] Iter 400: T=22.942 HPWL=32246.3 Acc=41.8%
        [SA] Iter 600: T=13.736 HPWL=31599.3 Acc=42.3%
        [SA] Iter 800: T=8.224 HPWL=31057.9 Acc=39.2%
        [SA] Iter 1000: T=4.924 HPWL=30705.0 Acc=35.7%
        [SA] Iter 1200: T=2.948 HPWL=30531.9 Acc=33.5%
        [SA] Iter 1400: T=1.765 HPWL=30423.5 Acc=30.9%
        [SA] Iter 1600: T=1.057 HPWL=30299.1 Acc=28.1%
        [SA] Iter 1800: T=0.633 HPWL=30224.2 Acc=25.8%
        [SA] Iter 2000: T=0.379 HPWL=30091.8 Acc=23.8%
        [SA] Iter 2200: T=0.227 HPWL=30038.5 Acc=22.2%
        [SA] Iter 2400: T=0.136 HPWL=29962.2 Acc=20.7%
        [SA] Iter 2600: T=0.081 HPWL=29937.7 Acc=19.3%
        [SA] Iter 2800: T=0.049 HPWL=29817.5 Acc=18.2%
        [SA] Iter 3000: T=0.029 HPWL=29772.0 Acc=17.3%
        [SA] Iter 3200: T=0.017 HPWL=29649.0 Acc=16.6%
        [SA] Iter 3400: T=0.010 HPWL=29630.6 Acc=15.8%
        [SA] Iter 3600: T=0.006 HPWL=29604.1 Acc=15.2%
        [SA] Iter 3800: T=0.004 HPWL=29591.3 Acc=14.6%
        [SA] Iter 4000: T=0.002 HPWL=29560.8 Acc=14.1%
        [SA] Iter 4200: T=0.001 HPWL=29529.2 Acc=13.5%
        [SA] Iter 4400: T=0.001 HPWL=29523.9 Acc=12.9%
        [SA] Iter 4600: T=0.000 HPWL=29500.7 Acc=12.5%
        [SA] Iter 4800: T=0.000 HPWL=29498.0 Acc=12.1%
        [SA] Iter 5000: T=0.000 HPWL=29474.2 Acc=11.7%
      [SA] End Batch: 31998.2 -> 29474.2 (-2524.0)
[PROGRESS] Global SA: Batch 20/28 (120 cells, type: sky130_fd_sc_hd__or2)
      [SA] Start Batch: Cells=120 T0=76.752 HPWL=38376.2
        [SA] Iter 200: T=45.954 HPWL=38769.1 Acc=44.5%
        [SA] Iter 400: T=27.515 HPWL=38791.0 Acc=44.2%
        [SA] Iter 600: T=16.474 HPWL=38167.1 Acc=45.5%
        [SA] Iter 800: T=9.864 HPWL=37858.9 Acc=43.4%
        [SA] Iter 1000: T=5.906 HPWL=36989.3 Acc=42.8%
        [SA] Iter 1200: T=3.536 HPWL=36699.2 Acc=39.2%
        [SA] Iter 1400: T=2.117 HPWL=36619.5 Acc=35.6%
        [SA] Iter 1600: T=1.268 HPWL=36424.3 Acc=33.1%
        [SA] Iter 1800: T=0.759 HPWL=36226.5 Acc=30.3%
        [SA] Iter 2000: T=0.454 HPWL=36125.5 Acc=27.9%
        [SA] Iter 2200: T=0.272 HPWL=35867.5 Acc=25.9%
        [SA] Iter 2400: T=0.163 HPWL=35794.7 Acc=24.1%
        [SA] Iter 2600: T=0.098 HPWL=35627.0 Acc=22.6%
        [SA] Iter 2800: T=0.058 HPWL=35604.8 Acc=21.2%
        [SA] Iter 3000: T=0.035 HPWL=35548.7 Acc=19.9%
        [SA] Iter 3200: T=0.021 HPWL=35537.9 Acc=18.8%
        [SA] Iter 3400: T=0.013 HPWL=35501.8 Acc=18.1%
        [SA] Iter 3600: T=0.008 HPWL=35476.3 Acc=17.4%
        [SA] Iter 3800: T=0.004 HPWL=35434.3 Acc=16.7%
        [SA] Iter 4000: T=0.003 HPWL=35416.1 Acc=16.1%
        [SA] Iter 4200: T=0.002 HPWL=35379.8 Acc=15.5%
        [SA] Iter 4400: T=0.001 HPWL=35342.4 Acc=14.9%
        [SA] Iter 4600: T=0.001 HPWL=35296.9 Acc=14.4%
        [SA] Iter 4800: T=0.000 HPWL=35296.0 Acc=13.9%
        [SA] Iter 5000: T=0.000 HPWL=35276.4 Acc=13.5%
      [SA] End Batch: 38376.2 -> 35276.4 (-3099.8)
      [SA] Start Batch: Cells=120 T0=72.475 HPWL=36237.6
        [SA] Iter 200: T=43.394 HPWL=37599.6 Acc=51.5%
        [SA] Iter 400: T=25.981 HPWL=37259.2 Acc=50.0%
        [SA] Iter 600: T=15.556 HPWL=36809.8 Acc=50.8%
        [SA] Iter 800: T=9.314 HPWL=36313.9 Acc=47.2%
        [SA] Iter 1000: T=5.577 HPWL=35957.4 Acc=45.0%
        [SA] Iter 1200: T=3.339 HPWL=35864.1 Acc=40.7%
        [SA] Iter 1400: T=1.999 HPWL=35667.9 Acc=36.5%
        [SA] Iter 1600: T=1.197 HPWL=35505.6 Acc=33.1%
        [SA] Iter 1800: T=0.717 HPWL=35434.1 Acc=30.2%
        [SA] Iter 2000: T=0.429 HPWL=35298.8 Acc=27.7%
        [SA] Iter 2200: T=0.257 HPWL=35240.3 Acc=25.7%
        [SA] Iter 2400: T=0.154 HPWL=35227.5 Acc=23.8%
        [SA] Iter 2600: T=0.092 HPWL=35190.9 Acc=22.3%
        [SA] Iter 2800: T=0.055 HPWL=35142.8 Acc=21.0%
        [SA] Iter 3000: T=0.033 HPWL=35126.7 Acc=20.1%
        [SA] Iter 3200: T=0.020 HPWL=35125.2 Acc=19.1%
        [SA] Iter 3400: T=0.012 HPWL=35124.4 Acc=18.3%
        [SA] Iter 3600: T=0.007 HPWL=35040.1 Acc=17.5%
        [SA] Iter 3800: T=0.004 HPWL=35025.2 Acc=16.8%
        [SA] Iter 4000: T=0.003 HPWL=34992.4 Acc=16.2%
        [SA] Iter 4200: T=0.002 HPWL=34968.5 Acc=15.5%
        [SA] Iter 4400: T=0.001 HPWL=34944.7 Acc=15.0%
        [SA] Iter 4600: T=0.001 HPWL=34897.4 Acc=14.5%
        [SA] Iter 4800: T=0.000 HPWL=34896.6 Acc=14.0%
        [SA] Iter 5000: T=0.000 HPWL=34894.3 Acc=13.6%
      [SA] End Batch: 36237.6 -> 34894.3 (-1343.4)
      [SA] Start Batch: Cells=120 T0=74.519 HPWL=37259.6
        [SA] Iter 200: T=44.617 HPWL=38626.8 Acc=64.5%
        [SA] Iter 400: T=26.714 HPWL=38369.3 Acc=59.8%
        [SA] Iter 600: T=15.995 HPWL=37894.8 Acc=56.2%
        [SA] Iter 800: T=9.577 HPWL=37478.8 Acc=53.9%
        [SA] Iter 1000: T=5.734 HPWL=37240.6 Acc=49.2%
        [SA] Iter 1200: T=3.433 HPWL=36996.9 Acc=45.1%
        [SA] Iter 1400: T=2.056 HPWL=36776.7 Acc=41.4%
        [SA] Iter 1600: T=1.231 HPWL=36687.8 Acc=37.7%
        [SA] Iter 1800: T=0.737 HPWL=36648.0 Acc=34.0%
        [SA] Iter 2000: T=0.441 HPWL=36626.5 Acc=30.9%
        [SA] Iter 2200: T=0.264 HPWL=36467.7 Acc=28.8%
        [SA] Iter 2400: T=0.158 HPWL=36381.9 Acc=27.1%
        [SA] Iter 2600: T=0.095 HPWL=36344.3 Acc=25.2%
        [SA] Iter 2800: T=0.057 HPWL=36276.7 Acc=24.0%
        [SA] Iter 3000: T=0.034 HPWL=36266.9 Acc=22.5%
        [SA] Iter 3200: T=0.020 HPWL=36238.3 Acc=21.3%
        [SA] Iter 3400: T=0.012 HPWL=36221.7 Acc=20.3%
        [SA] Iter 3600: T=0.007 HPWL=36199.6 Acc=19.4%
        [SA] Iter 3800: T=0.004 HPWL=36176.4 Acc=18.5%
        [SA] Iter 4000: T=0.003 HPWL=36124.0 Acc=17.7%
        [SA] Iter 4200: T=0.002 HPWL=36091.0 Acc=17.1%
        [SA] Iter 4400: T=0.001 HPWL=36086.0 Acc=16.4%
        [SA] Iter 4600: T=0.001 HPWL=36072.0 Acc=15.8%
        [SA] Iter 4800: T=0.000 HPWL=36058.8 Acc=15.2%
        [SA] Iter 5000: T=0.000 HPWL=36048.9 Acc=14.8%
      [SA] End Batch: 37259.6 -> 36048.9 (-1210.7)
      [SA] Start Batch: Cells=3 T0=3.969 HPWL=1984.5
        [SA] Iter 200: T=2.376 HPWL=1934.3 Acc=0.5%
        [SA] Iter 400: T=1.423 HPWL=1934.3 Acc=0.2%
        [SA] Iter 600: T=0.852 HPWL=1934.3 Acc=0.2%
        [SA] Iter 800: T=0.510 HPWL=1934.3 Acc=0.1%
        [SA] Iter 1000: T=0.305 HPWL=1934.3 Acc=0.1%
        [SA] Iter 1200: T=0.183 HPWL=1934.3 Acc=0.1%
        [SA] Iter 1400: T=0.109 HPWL=1934.3 Acc=0.1%
        [SA] Iter 1600: T=0.066 HPWL=1934.3 Acc=0.1%
        [SA] Iter 1800: T=0.039 HPWL=1934.3 Acc=0.1%
        [SA] Iter 2000: T=0.023 HPWL=1934.3 Acc=0.1%
        [SA] Iter 2200: T=0.014 HPWL=1934.3 Acc=0.0%
        [SA] Iter 2400: T=0.008 HPWL=1934.3 Acc=0.0%
        [SA] Iter 2600: T=0.005 HPWL=1934.3 Acc=0.0%
        [SA] Iter 2800: T=0.003 HPWL=1934.3 Acc=0.0%
        [SA] Iter 3000: T=0.002 HPWL=1934.3 Acc=0.0%
        [SA] Iter 3200: T=0.001 HPWL=1934.3 Acc=0.0%
        [SA] Iter 3400: T=0.001 HPWL=1934.3 Acc=0.0%
        [SA] Iter 3600: T=0.000 HPWL=1934.3 Acc=0.0%
        [SA] Iter 3800: T=0.000 HPWL=1934.3 Acc=0.0%
        [SA] Iter 4000: T=0.000 HPWL=1934.3 Acc=0.0%
        [SA] Iter 4200: T=0.000 HPWL=1934.3 Acc=0.0%
        [SA] Iter 4400: T=0.000 HPWL=1934.3 Acc=0.0%
        [SA] Iter 4600: T=0.000 HPWL=1934.3 Acc=0.0%
        [SA] Iter 4800: T=0.000 HPWL=1934.3 Acc=0.0%
        [SA] Iter 5000: T=0.000 HPWL=1934.3 Acc=0.0%
      [SA] End Batch: 1984.5 -> 1934.3 (-50.2)
      [SA] Start Batch: Cells=120 T0=3.984 HPWL=1992.1
        [SA] Iter 200: T=2.385 HPWL=1992.1 Acc=100.0%
        [SA] Iter 400: T=1.428 HPWL=1992.1 Acc=100.0%
        [SA] Iter 600: T=0.855 HPWL=1992.1 Acc=100.0%
        [SA] Iter 800: T=0.512 HPWL=1992.1 Acc=99.9%
        [SA] Iter 1000: T=0.307 HPWL=1992.1 Acc=98.8%
        [SA] Iter 1200: T=0.184 HPWL=1992.1 Acc=97.4%
        [SA] Iter 1400: T=0.110 HPWL=1992.1 Acc=96.1%
        [SA] Iter 1600: T=0.066 HPWL=1992.1 Acc=94.6%
        [SA] Iter 1800: T=0.039 HPWL=1992.1 Acc=93.9%
        [SA] Iter 2000: T=0.024 HPWL=1992.1 Acc=93.0%
        [SA] Iter 2200: T=0.014 HPWL=1992.1 Acc=92.5%
        [SA] Iter 2400: T=0.008 HPWL=1992.1 Acc=91.6%
        [SA] Iter 2600: T=0.005 HPWL=1992.1 Acc=91.2%
        [SA] Iter 2800: T=0.003 HPWL=1992.1 Acc=90.5%
        [SA] Iter 3000: T=0.002 HPWL=1992.1 Acc=90.0%
        [SA] Iter 3200: T=0.001 HPWL=1992.1 Acc=89.8%
        [SA] Iter 3400: T=0.001 HPWL=1992.1 Acc=89.5%
        [SA] Iter 3600: T=0.000 HPWL=1992.1 Acc=89.4%
        [SA] Iter 3800: T=0.000 HPWL=1992.1 Acc=89.2%
        [SA] Iter 4000: T=0.000 HPWL=1992.1 Acc=88.8%
        [SA] Iter 4200: T=0.000 HPWL=1992.1 Acc=88.6%
        [SA] Iter 4400: T=0.000 HPWL=1992.1 Acc=88.4%
        [SA] Iter 4600: T=0.000 HPWL=1992.1 Acc=88.3%
        [SA] Iter 4800: T=0.000 HPWL=1992.1 Acc=88.3%
        [SA] Iter 5000: T=0.000 HPWL=1992.1 Acc=88.2%
      [SA] End Batch: 1992.1 -> 1992.1 (+0.0)
      [SA] Start Batch: Cells=120 T0=49.402 HPWL=24701.2
        [SA] Iter 200: T=29.579 HPWL=23539.4 Acc=81.5%
        [SA] Iter 400: T=17.710 HPWL=22981.8 Acc=80.8%
        [SA] Iter 600: T=10.604 HPWL=22614.7 Acc=78.8%
        [SA] Iter 800: T=6.349 HPWL=22395.1 Acc=77.5%
        [SA] Iter 1000: T=3.801 HPWL=22208.9 Acc=74.7%
        [SA] Iter 1200: T=2.276 HPWL=21174.1 Acc=73.0%
        [SA] Iter 1400: T=1.363 HPWL=20416.5 Acc=71.4%
        [SA] Iter 1600: T=0.816 HPWL=19515.5 Acc=69.3%
        [SA] Iter 1800: T=0.489 HPWL=19284.0 Acc=67.9%
        [SA] Iter 2000: T=0.292 HPWL=18658.1 Acc=67.8%
        [SA] Iter 2200: T=0.175 HPWL=18562.3 Acc=66.9%
        [SA] Iter 2400: T=0.105 HPWL=18526.6 Acc=66.5%
        [SA] Iter 2600: T=0.063 HPWL=18522.8 Acc=66.1%
        [SA] Iter 2800: T=0.038 HPWL=18511.3 Acc=65.8%
        [SA] Iter 3000: T=0.023 HPWL=18506.0 Acc=64.9%
        [SA] Iter 3200: T=0.013 HPWL=18494.3 Acc=64.2%
        [SA] Iter 3400: T=0.008 HPWL=18468.0 Acc=63.7%
        [SA] Iter 3600: T=0.005 HPWL=18448.5 Acc=63.1%
        [SA] Iter 3800: T=0.003 HPWL=18445.3 Acc=62.9%
        [SA] Iter 4000: T=0.002 HPWL=18439.9 Acc=62.6%
        [SA] Iter 4200: T=0.001 HPWL=18437.2 Acc=62.5%
        [SA] Iter 4400: T=0.001 HPWL=18420.8 Acc=62.1%
        [SA] Iter 4600: T=0.000 HPWL=18412.7 Acc=61.9%
        [SA] Iter 4800: T=0.000 HPWL=18412.7 Acc=61.4%
        [SA] Iter 5000: T=0.000 HPWL=18410.0 Acc=60.8%
      [SA] End Batch: 24701.2 -> 18410.0 (-6291.2)
      [SA] Start Batch: Cells=82 T0=56.612 HPWL=28306.2
        [SA] Iter 200: T=33.896 HPWL=28299.5 Acc=91.0%
        [SA] Iter 400: T=20.295 HPWL=28295.0 Acc=87.8%
        [SA] Iter 600: T=12.151 HPWL=28130.5 Acc=88.2%
        [SA] Iter 800: T=7.275 HPWL=27761.4 Acc=85.2%
        [SA] Iter 1000: T=4.356 HPWL=27541.1 Acc=81.9%
        [SA] Iter 1200: T=2.608 HPWL=27517.6 Acc=78.5%
        [SA] Iter 1400: T=1.562 HPWL=27072.0 Acc=75.5%
        [SA] Iter 1600: T=0.935 HPWL=26216.0 Acc=72.7%
        [SA] Iter 1800: T=0.560 HPWL=25941.4 Acc=69.3%
        [SA] Iter 2000: T=0.335 HPWL=25812.3 Acc=67.5%
        [SA] Iter 2200: T=0.201 HPWL=25501.3 Acc=65.2%
        [SA] Iter 2400: T=0.120 HPWL=25345.4 Acc=62.7%
        [SA] Iter 2600: T=0.072 HPWL=25246.2 Acc=61.2%
        [SA] Iter 2800: T=0.043 HPWL=25243.4 Acc=59.8%
        [SA] Iter 3000: T=0.026 HPWL=25186.7 Acc=58.7%
        [SA] Iter 3200: T=0.015 HPWL=25184.9 Acc=57.3%
        [SA] Iter 3400: T=0.009 HPWL=25184.9 Acc=55.9%
        [SA] Iter 3600: T=0.006 HPWL=25184.9 Acc=55.0%
        [SA] Iter 3800: T=0.003 HPWL=25184.9 Acc=54.0%
        [SA] Iter 4000: T=0.002 HPWL=25184.4 Acc=53.4%
        [SA] Iter 4200: T=0.001 HPWL=25184.4 Acc=52.6%
        [SA] Iter 4400: T=0.001 HPWL=25126.9 Acc=51.8%
        [SA] Iter 4600: T=0.000 HPWL=25122.3 Acc=51.1%
        [SA] Iter 4800: T=0.000 HPWL=25122.3 Acc=50.6%
        [SA] Iter 5000: T=0.000 HPWL=25122.3 Acc=50.2%
      [SA] End Batch: 28306.2 -> 25122.3 (-3183.8)
      [SA] Start Batch: Cells=120 T0=101.691 HPWL=50845.7
        [SA] Iter 200: T=60.886 HPWL=53168.1 Acc=61.0%
        [SA] Iter 400: T=36.455 HPWL=53257.0 Acc=59.2%
        [SA] Iter 600: T=21.827 HPWL=52840.0 Acc=58.3%
        [SA] Iter 800: T=13.069 HPWL=51894.7 Acc=54.4%
        [SA] Iter 1000: T=7.825 HPWL=51048.2 Acc=50.4%
        [SA] Iter 1200: T=4.685 HPWL=50683.3 Acc=45.7%
        [SA] Iter 1400: T=2.805 HPWL=50067.5 Acc=41.3%
        [SA] Iter 1600: T=1.679 HPWL=49984.2 Acc=37.4%
        [SA] Iter 1800: T=1.006 HPWL=49792.3 Acc=34.5%
        [SA] Iter 2000: T=0.602 HPWL=49363.8 Acc=32.2%
        [SA] Iter 2200: T=0.360 HPWL=49317.5 Acc=30.1%
        [SA] Iter 2400: T=0.216 HPWL=49196.7 Acc=28.3%
        [SA] Iter 2600: T=0.129 HPWL=49155.9 Acc=26.6%
        [SA] Iter 2800: T=0.077 HPWL=49109.2 Acc=25.4%
        [SA] Iter 3000: T=0.046 HPWL=49081.0 Acc=24.2%
        [SA] Iter 3200: T=0.028 HPWL=48993.9 Acc=23.3%
        [SA] Iter 3400: T=0.017 HPWL=48971.5 Acc=22.6%
        [SA] Iter 3600: T=0.010 HPWL=48952.5 Acc=21.7%
        [SA] Iter 3800: T=0.006 HPWL=48948.6 Acc=20.8%
        [SA] Iter 4000: T=0.004 HPWL=48935.0 Acc=20.1%
        [SA] Iter 4200: T=0.002 HPWL=48935.0 Acc=19.4%
        [SA] Iter 4400: T=0.001 HPWL=48921.4 Acc=18.8%
        [SA] Iter 4600: T=0.001 HPWL=48872.6 Acc=18.5%
        [SA] Iter 4800: T=0.000 HPWL=48831.8 Acc=18.0%
        [SA] Iter 5000: T=0.000 HPWL=48818.2 Acc=17.5%
      [SA] End Batch: 50845.7 -> 48818.2 (-2027.5)
[PROGRESS] Global SA: Batch 28/28 (23 cells, type: sky130_fd_sc_hd__dfb)
      [SA] Start Batch: Cells=23 T0=29.236 HPWL=14617.8
        [SA] Iter 200: T=17.504 HPWL=14586.2 Acc=49.5%
        [SA] Iter 400: T=10.481 HPWL=14453.4 Acc=52.8%
        [SA] Iter 600: T=6.275 HPWL=14453.4 Acc=49.7%
        [SA] Iter 800: T=3.757 HPWL=14419.4 Acc=49.1%
        [SA] Iter 1000: T=2.250 HPWL=14420.8 Acc=47.4%
        [SA] Iter 1200: T=1.347 HPWL=14423.9 Acc=45.3%
        [SA] Iter 1400: T=0.806 HPWL=14426.2 Acc=41.7%
        [SA] Iter 1600: T=0.483 HPWL=14394.9 Acc=39.1%
        [SA] Iter 1800: T=0.289 HPWL=14388.5 Acc=37.2%
        [SA] Iter 2000: T=0.173 HPWL=14388.5 Acc=35.8%
        [SA] Iter 2200: T=0.104 HPWL=14388.5 Acc=34.0%
        [SA] Iter 2400: T=0.062 HPWL=14388.5 Acc=33.2%
        [SA] Iter 2600: T=0.037 HPWL=14388.5 Acc=32.3%
        [SA] Iter 2800: T=0.022 HPWL=14388.5 Acc=31.5%
        [SA] Iter 3000: T=0.013 HPWL=14388.5 Acc=31.0%
        [SA] Iter 3200: T=0.008 HPWL=14388.5 Acc=30.4%
        [SA] Iter 3400: T=0.005 HPWL=14388.5 Acc=29.5%
        [SA] Iter 3600: T=0.003 HPWL=14388.5 Acc=28.8%
        [SA] Iter 3800: T=0.002 HPWL=14388.5 Acc=28.5%
        [SA] Iter 4000: T=0.001 HPWL=14388.5 Acc=27.9%
        [SA] Iter 4200: T=0.001 HPWL=14388.5 Acc=27.5%
        [SA] Iter 4400: T=0.000 HPWL=14388.5 Acc=27.3%
        [SA] Iter 4600: T=0.000 HPWL=14388.5 Acc=26.7%
        [SA] Iter 4800: T=0.000 HPWL=14388.5 Acc=26.3%
        [SA] Iter 5000: T=0.000 HPWL=14388.5 Acc=25.9%
      [SA] End Batch: 14617.8 -> 14388.5 (-229.3)
[DEBUG] Global SA completed in 17.232s
[DEBUG] SA Refined HPWL: 232821.062
[DEBUG] HPWL Improvement: 45602.001 (16.38%)

[DEBUG] === PHASE 9: BUILDING PLACEMENT DATAFRAME ===
[PROGRESS] Building DataFrame: 289/2899 (10.0%)
[PROGRESS] Building DataFrame: 578/2899 (19.9%)
[PROGRESS] Building DataFrame: 867/2899 (29.9%)
[PROGRESS] Building DataFrame: 1156/2899 (39.9%)
[PROGRESS] Building DataFrame: 1445/2899 (49.8%)
[PROGRESS] Building DataFrame: 1734/2899 (59.8%)
[PROGRESS] Building DataFrame: 2023/2899 (69.8%)
[PROGRESS] Building DataFrame: 2312/2899 (79.8%)
[PROGRESS] Building DataFrame: 2601/2899 (89.7%)
[PROGRESS] Building DataFrame: 2890/2899 (99.7%)
[PROGRESS] Building DataFrame: 2899/2899 (100.0%)
[DEBUG] Built placement DataFrame with 2899 cells
[DEBUG] Building placement DataFrame completed in 0.030s

[DEBUG] === PHASE 10: VALIDATING PLACEMENT ===

[VALIDATION] === PHASE 1: BASIC CORRECTNESS CHECKS ===
 All 2899 cells placed
 No duplicate site assignments
 All site IDs are valid
 All cell types match site types

[VALIDATION] === PHASE 2: PORT-TO-PIN ASSIGNMENT CHECKS ===
 Port-pin direction matching verified
 No duplicate pin assignments

[VALIDATION] === PHASE 3: COORDINATE VALIDATION ===
[DEBUG] Found 158760 valid coordinate pairs in fabric YAML
 All 2899 placement coordinates exist in fabric YAML
 All 2899 site_id mappings are correct

[VALIDATION] === PHASE 4: QUALITY METRICS ===
 Total HPWL: 232821.06 microns
 Site utilization: 1.8% (2899/158760 sites)
 Placement bounds: X=[177.5, 598.9] (421.4m), Y=[5.0, 755.7] (750.7m)
[DEBUG] Validation completed in 7.475s

================================================================================
PLACEMENT VALIDATION REPORT
================================================================================
 VALIDATION PASSED

  WARNINGS (1):
  1. 40 ports not assigned to pins

 STATISTICS:
  total_cells: 2899
  placed_cells: 2899
  missing_cells: 0
  duplicate_sites: 0
  invalid_sites: 0
  type_mismatches: 0
  assigned_ports: 82
  total_ports: 122
  direction_mismatches: 0
  duplicate_pins: 0
  coord_mismatches: 0
  site_id_mismatches: 0
  valid_fabric_coords: 158760
  total_hpwl: 232821.06 microns
  site_utilization_percent: 1.8%
  x_span: 421.3599853515625
  y_span: 750.719970703125
  placement_bounds: {'x_min': np.float64(177.5), 'x_max': np.float64(598.8599853515625), 'y_min': np.float64(5.0), 'y_max': np.float64(755.719970703125)}
================================================================================

 PLACEMENT VALIDATION PASSED - All basic checks successful

[DEBUG] ========================================
[DEBUG] FINAL TIMING SUMMARY
[DEBUG] ========================================
[DEBUG] Phase 1 - Port Assignment (Seeding):     0.053s (0.2%)
[DEBUG] Phase 2 - Build Sites & Spatial Index:    0.077s (0.3%)
[DEBUG] Phase 3 - Build Fixed Points:             0.002s (0.0%)
[DEBUG] Phase 4 - Build Dependency Levels:      1.668s (5.5%)
[DEBUG] Phase 5 - Build Cell Mappings:           1.918s (6.3%)
[DEBUG] Phase 6 - Build Cell Type Mapping:       0.354s (1.2%)
[DEBUG] Phase 7 - Order Cells by Level:         0.003s (0.0%)
[DEBUG] Phase 8 - Level-by-Level Placement:      18.719s (61.7%)
[DEBUG]   - Greedy Placement:                   1.486s (4.9%)
[DEBUG]   - Simulated Annealing:                 17.232s (56.8%)
[DEBUG] Phase 9 - Build Placement DataFrame:     0.030s (0.1%)
[DEBUG] Phase 10 - Validate Placement:           7.475s (24.7%)
[DEBUG] TOTAL TIME:                              30.323s
[DEBUG] ========================================

[PlacerTiming] total=30.323s build_sites=0.077s levelize=1.668s greedy=1.486s sa=17.232s
PLACER_SUMMARY total=30.323s greedy=1.486s sa=17.232s
[PlacerTiming] level=0 greedy=0.006s sa=0.000s
[PlacerTiming] level=1 greedy=0.066s sa=0.000s
[PlacerTiming] level=2 greedy=0.000s sa=0.000s
[PlacerTiming] level=3 greedy=0.000s sa=0.000s
[PlacerTiming] level=4 greedy=1.414s sa=0.000s
[DEBUG] Final Greedy HPWL: 278423.063
[DEBUG] Final SA HPWL: 232821.062
[DEBUG] Overall HPWL Improvement: 45602.001 (16.38%)
[Clustering] Added 29 batches from graph clustering.
[SwapRefine] COMMIT batch 300: =-2749.504 (improved/neutral).
[SwapRefine] COMMIT batch 300: =-2342.126 (improved/neutral).
[SwapRefine] COMMIT batch 300: =-2264.924 (improved/neutral).
[SwapRefine] COMMIT batch 300: =-3289.830 (improved/neutral).
[SwapRefine] COMMIT batch 300: =-1938.102 (improved/neutral).
[SwapRefine] COMMIT batch 300: =-1385.752 (improved/neutral).
[SwapRefine] COMMIT batch 300: =-2460.826 (improved/neutral).
[SwapRefine] COMMIT batch 300: =-1895.142 (improved/neutral).
[SwapRefine] COMMIT batch 300: =-2056.578 (improved/neutral).
Saved Greedy+SA placement to: build\6502\6502_greedy_sa_placement.csv
Saved refined placement to: build\6502\6502_ppo_refined_placement.csv

==== Metrics Comparison ====
Greedy+SA HPWL:   232821.062 um
PPO Refined HPWL: 216897.242 um
Delta:            -15923.820 (-6.84%)
Total Time:       2596.616s

[Step 2] Generating Visualizations...
Generating heatmaps...
[DEBUG] Saved placement heatmap to: build\6502\6502_greedy_sa_placement_heatmap.png
[DEBUG] Saved placement heatmap to: build\6502\6502_ppo_refined_placement_heatmap.png

[Step 3] Mapping to Physical Cells and generating .map file...
[DEBUG] Mapping coordinates to physical cell names...

 ERROR: RL Flow failed with exception: 'tuple' object has no attribute 'iterrows'
Traceback (most recent call last):
  File "C:\Users\Dell-\Desktop\AUC\AUC semester 7\Digital Design 2\DD2 Proj\Structred-ASIC-Project\src\placement\ppo_driver.py", line 183, in main
    physical_placement_df = map_placement_to_physical_cells(
                            ^^^^^^^^^^^^^^^^^^^^^^^^^^^^^^^^
  File "C:\Users\Dell-\Desktop\AUC\AUC semester 7\Digital Design 2\DD2 Proj\Structred-ASIC-Project\src\placement\placement_mapper.py", line 37, in map_placement_to_physical_cells
    for _, row in fabric_cells_df.iterrows():
                  ^^^^^^^^^^^^^^^^^^^^^^^^
AttributeError: 'tuple' object has no attribute 'iterrows'
