=== Starting Flow for z80 ===
Time: 2025-12-17 17:45:16.366581

[Phase 1] Validating Design...
  Checking if design fits on fabric...
Parsing C:\College Work\AUC Study Work\Digital Design 2\Project\Structred-ASIC-Project\inputs\Platform\fabric_cells.yaml using stream parser...
Finished parsing 3240 tiles in 0.57s

================================================================================
FABRIC UTILIZATION REPORT
================================================================================
Template   Cell Type                        Required     Available    Utilization  Status
--------------------------------------------------------------------------------
BUF        sky130_fd_sc_hd__clkbuf_4        77           9720                0.8% ✓ OK
INV        sky130_fd_sc_hd__clkinv_2        1011         12960               7.8% ✓ OK
CONB       sky130_fd_sc_hd__conb_1          3            9720                0.0% ✓ OK
DECAP      sky130_fd_sc_hd__decap_3         0            6480                0.0% ✓ OK
DECAP      sky130_fd_sc_hd__decap_4         0            12960               0.0% ✓ OK
DFBBP      sky130_fd_sc_hd__dfbbp_1         160          6480                2.5% ✓ OK
NAND2      sky130_fd_sc_hd__nand2_2         3356         48600               6.9% ✓ OK
OR2        sky130_fd_sc_hd__or2_2           4537         25920              17.5% ✓ OK
TAP        sky130_fd_sc_hd__tapvpwrvgnd_1   0            25920               0.0% ✓ OK
================================================================================
==============VERDICT: PASSED==============

✓ VALIDATION PASSED!
✓ This design can be implemented on this fabric.

[Phase 1] Validation PASSED!

[Phase 2] Running Placement...
  Using slow SA cooling (sa_moves_per_temp=30000, sa_cooling_rate=0.995)
Parsing C:\College Work\AUC Study Work\Digital Design 2\Project\Structred-ASIC-Project\inputs\Platform\fabric_cells.yaml using stream parser...
Finished parsing 3240 tiles in 0.59s
Parsing C:\College Work\AUC Study Work\Digital Design 2\Project\Structred-ASIC-Project\inputs\Platform\fabric_cells.yaml using stream parser...
Finished parsing 3240 tiles in 0.59s
Running placement for design: z80
Total cells to place: 9144
[DEBUG] === PHASE 1: PORT ASSIGNMENT (SEEDING) ===
[DEBUG] [Seeding] Initializing pin assignment...
[DEBUG] [Seeding] Initialization completed in 0.002s
[DEBUG] [Seeding] Processing 122 pins and 122 ports
[DEBUG] [Seeding] Building candidate pin pools...
[DEBUG] [Seeding] Built candidate pools for 2 directions in 0.004s
[DEBUG] [Seeding] Processing special ports (clock/reset)...
[DEBUG] [Seeding] Assigned 2 special ports in 0.004s
[DEBUG] [Seeding] Processing 120 residual ports...
[DEBUG] [Seeding] Processing 3 port groups...
[PROGRESS] [Seeding] Groups: 1/3 (33.3%) | Assigned: 0
[PROGRESS] [Seeding] Groups: 2/3 (66.7%) | Assigned: 40
[DEBUG] [Seeding] Found 40 pins for base 'oeb' in direction 'input'
[PROGRESS] [Seeding] Groups: 3/3 (100.0%) | Assigned: 80
[DEBUG] [Seeding] Assigned 120 regular ports in 0.010s
[DEBUG] [Seeding] Built assignments DataFrame with 122 assignments in 0.001s
[DEBUG] [Seeding] Total assignments: 122 (special: 2, regular: 120)
[DEBUG] Port assignment (seeding) completed in 0.024s
[DEBUG] Assigned 122 port-to-pin mappings

[DEBUG] === PHASE 2: BUILDING SITES AND SPATIAL INDEX ===
[DEBUG] Built 158760 sites from fabric
[DEBUG] Spatial index built: grid=39x39, 158760 sites
[DEBUG] Building sites and spatial index completed in 0.067s

[DEBUG] === PHASE 3: BUILDING FIXED POINTS ===
[DEBUG] Built 122 fixed point nets
[DEBUG] Building fixed points completed in 0.002s

[DEBUG] === PHASE 4: BUILDING DEPENDENCY LEVELS (LEVELIZATION) ===
